<?xml version="1.0" encoding="UTF-8"?>
<!-- Generated by org.testng.reporters.JUnitReportReporter -->
<testsuite hostname="DESKTOP-LVQ2QQ2" failures="0" tests="1" name="automation.testsuite.Day8_Practice1" time="0.055" errors="0" timestamp="2023-11-09T16:12:11 ICT" skipped="0">
  <testcase classname="automation.testsuite.Day8_Practice1" name="getLocatorByID_Name_Class" time="0.055"/>
  <system-out/>
</testsuite> <!-- automation.testsuite.Day8_Practice1 -->
