<?xml version="1.0" encoding="UTF-8"?>
<!-- Generated by org.testng.reporters.JUnitReportReporter -->
<testsuite hostname="DESKTOP-LVQ2QQ2" failures="0" tests="1" name="automation.testsuite.Day15_ClientTest" time="19.869" errors="0" timestamp="2023-12-05T00:07:24 ICT" skipped="0">
  <testcase classname="automation.testsuite.Day15_ClientTest" name="AddClientSuccessfully" time="19.869"/>
  <system-out/>
</testsuite> <!-- automation.testsuite.Day15_ClientTest -->
