<?xml version="1.0" encoding="UTF-8"?>
<!-- Generated by org.testng.reporters.JUnitReportReporter -->
<testsuite hostname="DESKTOP-LVQ2QQ2" failures="0" tests="1" name="automation.testsuite.Day8_Practice4" time="2.484" errors="0" timestamp="2023-11-09T20:06:24 ICT" skipped="0">
  <testcase classname="automation.testsuite.Day8_Practice4" name="getLocatorOnThePage" time="2.484"/>
  <system-out/>
</testsuite> <!-- automation.testsuite.Day8_Practice4 -->
