<?xml version="1.0" encoding="UTF-8"?>
<!-- Generated by org.testng.reporters.JUnitReportReporter -->
<testsuite hostname="DESKTOP-LVQ2QQ2" failures="0" tests="1" name="automation.testsuite.Day14_Hw_RegisterTest" time="15.340" errors="0" timestamp="2023-12-10T17:36:13 ICT" skipped="0">
  <testcase classname="automation.testsuite.Day14_Hw_RegisterTest" name="ChangePasswordSuccessfully" time="15.340"/>
  <system-out/>
</testsuite> <!-- automation.testsuite.Day14_Hw_RegisterTest -->
