<?xml version="1.0" encoding="UTF-8"?>
<!-- Generated by org.testng.reporters.JUnitReportReporter -->
<testsuite hostname="DESKTOP-LVQ2QQ2" failures="0" tests="2" name="automation.testsuite.Day9_Homework1_3" time="0.139" errors="0" timestamp="2023-11-13T16:22:04 ICT" skipped="0">
  <testcase classname="automation.testsuite.Day9_Homework1_3" name="getLocatorByXpath_1" time="0.091"/>
  <system-out/>
  <testcase classname="automation.testsuite.Day9_Homework1_3" name="getLocatorByXpath_3" time="0.048"/>
  <system-out/>
</testsuite> <!-- automation.testsuite.Day9_Homework1_3 -->
