<?xml version="1.0" encoding="UTF-8"?>
<!-- Generated by org.testng.reporters.JUnitReportReporter -->
<testsuite hostname="DESKTOP-LVQ2QQ2" failures="0" tests="1" name="automation.testsuite.Day9_Practice1" time="0.098" errors="0" timestamp="2023-11-13T15:32:40 ICT" skipped="0">
  <testcase classname="automation.testsuite.Day9_Practice1" name="getLocatorByXpath" time="0.098"/>
  <system-out/>
</testsuite> <!-- automation.testsuite.Day9_Practice1 -->
