<?xml version="1.0" encoding="UTF-8"?>
<!-- Generated by org.testng.reporters.JUnitReportReporter -->
<testsuite hostname="DESKTOP-LVQ2QQ2" failures="0" tests="1" name="automation.testsuite.Day8_Practice3" time="10.487" errors="0" timestamp="2023-11-09T20:21:20 ICT" skipped="0">
  <testcase classname="automation.testsuite.Day8_Practice3" name="getLocatorOnThePage" time="10.487"/>
  <system-out/>
</testsuite> <!-- automation.testsuite.Day8_Practice3 -->
