<?xml version="1.0" encoding="UTF-8"?>
<!-- Generated by org.testng.reporters.JUnitReportReporter -->
<testsuite hostname="DESKTOP-LVQ2QQ2" failures="0" tests="2" name="automation.testsuite.Day16_Homework" time="29.202" errors="0" timestamp="2023-12-12T20:11:09 ICT" skipped="0">
  <testcase classname="automation.testsuite.Day16_Homework" name="Alada_ChangePasswordSuccessfully" time="15.508"/>
  <system-out/>
  <testcase classname="automation.testsuite.Day16_Homework" name="SeleniumPractice_AlertDemo" time="13.694"/>
  <system-out/>
</testsuite> <!-- automation.testsuite.Day16_Homework -->
