<?xml version="1.0" encoding="UTF-8"?>
<!-- Generated by org.testng.reporters.JUnitReportReporter -->
<testsuite hostname="DESKTOP-LVQ2QQ2" failures="0" tests="1" name="automation.testsuite.Day17_Practice" time="4.118" errors="0" timestamp="2023-12-17T00:06:27 ICT" skipped="0">
  <testcase classname="automation.testsuite.Day17_Practice" name="handleIFrame_DangKyNgay" time="4.118"/>
  <system-out/>
</testsuite> <!-- automation.testsuite.Day17_Practice -->
