<?xml version="1.0" encoding="UTF-8"?>
<!-- Generated by org.testng.reporters.JUnitReportReporter -->
<testsuite hostname="DESKTOP-LVQ2QQ2" failures="0" tests="2" name="automation.testsuite.Day12_Homework" time="0.545" errors="0" timestamp="2023-11-24T20:54:02 ICT" skipped="0">
  <testcase classname="automation.testsuite.Day12_Homework" name="checkOnDropdown" time="0.227"/>
  <system-out/>
  <testcase classname="automation.testsuite.Day12_Homework" name="checkOnCheckbox" time="0.318"/>
  <system-out/>
</testsuite> <!-- automation.testsuite.Day12_Homework -->
