<?xml version="1.0" encoding="UTF-8"?>
<!-- Generated by org.testng.reporters.JUnitReportReporter -->
<testsuite hostname="DESKTOP-LVQ2QQ2" failures="0" tests="3" name="automation.testsuite.Day13_LoginTest" time="26.164" errors="0" timestamp="2023-11-28T12:38:21 ICT" skipped="0">
  <testcase classname="automation.testsuite.Day13_LoginTest" name="LoginSuccessfully" time="9.425"/>
  <system-out/>
  <testcase classname="automation.testsuite.Day13_LoginTest" name="LoginFailIncorrertEmail" time="7.547"/>
  <system-out/>
  <testcase classname="automation.testsuite.Day13_LoginTest" name="LoginFailIncorrertPassword" time="9.192"/>
  <system-out/>
</testsuite> <!-- automation.testsuite.Day13_LoginTest -->
