<?xml version="1.0" encoding="UTF-8"?>
<!-- Generated by org.testng.reporters.JUnitReportReporter -->
<testsuite hostname="DESKTOP-LVQ2QQ2" failures="0" tests="2" name="automation.testsuite.Day8_Practice2" time="1.113" errors="0" timestamp="2023-11-12T16:22:48 ICT" skipped="0">
  <testcase classname="automation.testsuite.Day8_Practice2" name="getLocatorByText" time="0.961"/>
  <system-out/>
  <testcase classname="automation.testsuite.Day8_Practice2" name="getLocatorByClassName_TagName" time="0.152"/>
  <system-out/>
</testsuite> <!-- automation.testsuite.Day8_Practice2 -->
