<?xml version="1.0" encoding="UTF-8"?>
<!-- Generated by org.testng.reporters.JUnitReportReporter -->
<testsuite hostname="DESKTOP-LVQ2QQ2" failures="0" tests="1" name="automation.testsuite.Day16_Practice" time="5.474" errors="0" timestamp="2023-12-10T17:42:48 ICT" skipped="0">
  <testcase classname="automation.testsuite.Day16_Practice" name="handleTextboxAlert" time="5.474"/>
  <system-out/>
</testsuite> <!-- automation.testsuite.Day16_Practice -->
