<?xml version="1.0" encoding="UTF-8"?>
<!-- Generated by org.testng.reporters.JUnitReportReporter -->
<testsuite hostname="DESKTOP-LVQ2QQ2" failures="0" tests="2" name="automation.testsuite.Day12_Checkbox" time="0.365" errors="0" timestamp="2023-11-21T20:10:49 ICT" skipped="0">
  <testcase classname="automation.testsuite.Day12_Checkbox" name="clickOnSingleCheckbox" time="0.124"/>
  <system-out/>
  <testcase classname="automation.testsuite.Day12_Checkbox" name="clickOnMultiCheckbox" time="0.241"/>
  <system-out/>
</testsuite> <!-- automation.testsuite.Day12_Checkbox -->
