<?xml version="1.0" encoding="UTF-8"?>
<!-- Generated by org.testng.reporters.JUnitReportReporter -->
<testsuite hostname="DESKTOP-LVQ2QQ2" failures="0" tests="1" name="automation.testsuite.Day17_Homework" time="21.414" errors="0" timestamp="2023-12-17T01:09:51 ICT" skipped="0">
  <testcase classname="automation.testsuite.Day17_Homework" name="handleIFrame_MediaMart" time="21.414"/>
  <system-out/>
</testsuite> <!-- automation.testsuite.Day17_Homework -->
