<?xml version="1.0" encoding="UTF-8"?>
<!-- Generated by org.testng.reporters.JUnitReportReporter -->
<testsuite hostname="DESKTOP-LVQ2QQ2" failures="0" tests="4" name="automation.testsuite.Day14_LoginTest_Factory" time="32.299" errors="0" timestamp="2023-11-28T21:07:14 ICT" skipped="0">
  <testcase classname="automation.testsuite.Day14_LoginTest_Factory" name="LogoutSuccessfully" time="10.432"/>
  <system-out/>
  <testcase classname="automation.testsuite.Day14_LoginTest_Factory" name="LoginSuccessfully" time="7.618"/>
  <system-out/>
  <testcase classname="automation.testsuite.Day14_LoginTest_Factory" name="LoginFailIncorrertEmail" time="7.340"/>
  <system-out/>
  <testcase classname="automation.testsuite.Day14_LoginTest_Factory" name="LoginFailIncorrertPassword" time="6.909"/>
  <system-out/>
</testsuite> <!-- automation.testsuite.Day14_LoginTest_Factory -->
