<?xml version="1.0" encoding="UTF-8"?>
<!-- Generated by org.testng.reporters.JUnitReportReporter -->
<testsuite hostname="DESKTOP-LVQ2QQ2" failures="0" tests="1" name="automation.testsuite.Day8_Practice2" time="6.187" errors="0" timestamp="2023-11-09T18:32:18 ICT" skipped="0">
  <testcase classname="automation.testsuite.Day8_Practice2" name="getLocatorByClassName_TagName" time="6.187"/>
  <system-out/>
</testsuite> <!-- automation.testsuite.Day8_Practice2 -->
