<?xml version="1.0" encoding="UTF-8"?>
<!-- Generated by org.testng.reporters.JUnitReportReporter -->
<testsuite hostname="DESKTOP-LVQ2QQ2" failures="0" tests="3" name="automation.testsuite.Day18_Homework_Ex2" time="83.991" errors="0" timestamp="2023-12-20T16:16:00 ICT" skipped="0">
  <testcase classname="automation.testsuite.Day18_Homework_Ex2" name="testFuntion_ChatNgayVoiChungToi" time="28.658"/>
  <system-out/>
  <testcase classname="automation.testsuite.Day18_Homework_Ex2" name="testFuntion_ChatNgayVoiChungToi" time="26.936"/>
  <system-out/>
  <testcase classname="automation.testsuite.Day18_Homework_Ex2" name="testFuntion_ChatNgayVoiChungToi" time="28.397"/>
  <system-out/>
</testsuite> <!-- automation.testsuite.Day18_Homework_Ex2 -->
