<?xml version="1.0" encoding="UTF-8"?>
<!-- Generated by org.testng.reporters.JUnitReportReporter -->
<testsuite hostname="DESKTOP-LVQ2QQ2" failures="0" tests="1" name="automation.testsuite.Day15_TrizenTest" time="8.337" errors="0" timestamp="2023-12-04T23:20:11 ICT" skipped="0">
  <testcase classname="automation.testsuite.Day15_TrizenTest" name="searchFlySuccessfully" time="8.337"/>
  <system-out/>
</testsuite> <!-- automation.testsuite.Day15_TrizenTest -->
