<?xml version="1.0" encoding="UTF-8"?>
<!-- Generated by org.testng.reporters.JUnitReportReporter -->
<testsuite hostname="DESKTOP-LVQ2QQ2" failures="0" tests="3" name="automation.testsuite.Day18_Homework_Ex1" time="25.009" errors="0" timestamp="2023-12-20T16:16:00 ICT" skipped="0">
  <testcase classname="automation.testsuite.Day18_Homework_Ex1" name="testZaloConnectFuntion" time="8.522"/>
  <system-out/>
  <testcase classname="automation.testsuite.Day18_Homework_Ex1" name="testZaloConnectFuntion" time="8.962"/>
  <system-out/>
  <testcase classname="automation.testsuite.Day18_Homework_Ex1" name="testZaloConnectFuntion" time="7.525"/>
  <system-out/>
</testsuite> <!-- automation.testsuite.Day18_Homework_Ex1 -->
