<?xml version="1.0" encoding="UTF-8"?>
<!-- Generated by org.testng.reporters.JUnitReportReporter -->
<testsuite hostname="DESKTOP-LVQ2QQ2" failures="0" tests="1" name="automation.testsuite.Day9_Homework2" time="0.118" errors="0" timestamp="2023-11-13T16:07:38 ICT" skipped="0">
  <testcase classname="automation.testsuite.Day9_Homework2" name="getLocatorByXpath" time="0.118"/>
  <system-out/>
</testsuite> <!-- automation.testsuite.Day9_Homework2 -->
