<?xml version="1.0" encoding="UTF-8"?>
<!-- Generated by org.testng.reporters.JUnitReportReporter -->
<testsuite hostname="DESKTOP-LVQ2QQ2" failures="0" tests="3" name="automation.testsuite.Day17_Practice" time="31.488" errors="0" timestamp="2023-12-17T17:45:10 ICT" skipped="0">
  <testcase classname="automation.testsuite.Day17_Practice" name="handleIFrame_DangKyNgay" time="7.490"/>
  <system-out/>
  <testcase classname="automation.testsuite.Day17_Practice" name="handleIFrame_GuiNgay" time="12.318"/>
  <system-out/>
  <testcase classname="automation.testsuite.Day17_Practice" name="handlePopupWindow" time="11.680"/>
  <system-out/>
</testsuite> <!-- automation.testsuite.Day17_Practice -->
