<?xml version="1.0" encoding="UTF-8"?>
<!-- Generated by org.testng.reporters.JUnitReportReporter -->
<testsuite hostname="DESKTOP-LVQ2QQ2" failures="0" tests="1" name="automation.testsuite.Day13_LogoutTest" time="11.517" errors="0" timestamp="2023-11-28T13:36:32 ICT" skipped="0">
  <testcase classname="automation.testsuite.Day13_LogoutTest" name="LogoutSuccessfully" time="11.517"/>
  <system-out/>
</testsuite> <!-- automation.testsuite.Day13_LogoutTest -->
