<?xml version="1.0" encoding="UTF-8"?>
<!-- Generated by org.testng.reporters.JUnitReportReporter -->
<testsuite hostname="DESKTOP-LVQ2QQ2" failures="0" tests="2" name="automation.testsuite.Day17_Homework" time="27.370" errors="0" timestamp="2023-12-17T17:45:10 ICT" skipped="0">
  <testcase classname="automation.testsuite.Day17_Homework" name="handleIFrame_MediaMart" time="13.124"/>
  <system-out/>
  <testcase classname="automation.testsuite.Day17_Homework" name="handleIFrame_MediaMart" time="14.246"/>
  <system-out/>
</testsuite> <!-- automation.testsuite.Day17_Homework -->
