<?xml version="1.0" encoding="UTF-8"?>
<!-- Generated by org.testng.reporters.JUnitReportReporter -->
<testsuite hostname="DESKTOP-LVQ2QQ2" failures="0" tests="1" name="automation.testsuite.Day12_RadioButton" time="0.160" errors="0" timestamp="2023-11-21T20:45:16 ICT" skipped="0">
  <testcase classname="automation.testsuite.Day12_RadioButton" name="checkOnRadioButton" time="0.160"/>
  <system-out/>
</testsuite> <!-- automation.testsuite.Day12_RadioButton -->
