<?xml version="1.0" encoding="UTF-8"?>
<!-- Generated by org.testng.reporters.JUnitReportReporter -->
<testsuite hostname="DESKTOP-LVQ2QQ2" failures="0" tests="1" name="automation.testsuite.Login" time="0.009" errors="0" timestamp="2023-11-09T15:05:47 ICT" skipped="0">
  <testcase classname="automation.testsuite.Login" name="test" time="0.009"/>
  <system-out/>
</testsuite> <!-- automation.testsuite.Login -->
